<?xml version="1.0" encoding="UTF-8"?>
<testsuite xmlns:xsi="http://www.w3.org/2001/XMLSchema-instance" xsi:noNamespaceSchemaLocation="https://maven.apache.org/surefire/maven-surefire-plugin/xsd/surefire-test-report-3.0.xsd" version="3.0" name="runner.TestRunner" time="71.869" tests="1" errors="0" skipped="0" failures="0">
  <properties>
[...]
</properties>
  <testcase name="runScenario[&quot;End to end employee lifecycle management&quot;, &quot;OrangeHRM Employee Lifecycle Management&quot;](1)" classname="runner.TestRunner" time="70.08">
    <system-out><![CDATA[
@EmployeeLifecycle
Scenario: End to end employee lifecycle management               # src/test/resources/features/pimEndToEnd.feature:4
🎥 Screen recording started: C:\Users\gyana\eclipse-workspace\UplerTask\target\videos\End_to_end_employee_lifecycle_management_20251215_135544.mp4
  Given user is on OrangeHRM login page                          # stepdefinitions.loginPageStepDef.user_is_on_orange_hrm_login_page()
  When user enters username and password and click login         # stepdefinitions.loginPageStepDef.user_enters_username_and_password()
  Then dashboard should be displayed                             # stepdefinitions.loginPageStepDef.dashboard_should_be_displayed()
  When user clicks on PIM module                                 # stepdefinitions.PimEmployeeLifeCycleStepDef.user_clicks_on_pim_module()
  Then user navigates to PIM module                              # stepdefinitions.PimEmployeeLifeCycleStepDef.user_navigates_to_pim_module()
  When user clicks on Add button                                 # stepdefinitions.PimEmployeeLifeCycleStepDef.user_clicks_on_add_button()
  Then Validate user navigates to add user page                  # stepdefinitions.PimEmployeeLifeCycleStepDef.validate_user_navigates_to_add_user_page()
  When user enters employee details                              # stepdefinitions.PimEmployeeLifeCycleStepDef.user_enters_employee_details()
  And user clicks on Save button                                 # stepdefinitions.PimEmployeeLifeCycleStepDef.user_clicks_on_save_button()
  Then Validate employee should be added successfully            # stepdefinitions.PimEmployeeLifeCycleStepDef.employee_should_be_added_successfully()
  Then User moves to Employeelist page                           # stepdefinitions.PimEmployeeLifeCycleStepDef.user_moves_to_employeelist_page()
  Then Validate employee should be added successfully in Backend # stepdefinitions.PimEmployeeLifeCycleStepDef.employee_should_be_added_successfully_in_backend()
  Then User filter the employee using employeeid                 # stepdefinitions.PimEmployeeLifeCycleStepDef.user_filter_the_employee_using_employeeid()
  When User click on the edit button to update the user details  # stepdefinitions.PimEmployeeLifeCycleStepDef.user_click_on_the_edit_button_to_update_the_user_details()
  Then Validate user moves to user details page                  # stepdefinitions.PimEmployeeLifeCycleStepDef.validate_user_moves_to_user_details_page()
  When User clicks on the Job link                               # stepdefinitions.PimEmployeeLifeCycleStepDef.user_clicks_on_the_job_link()
  And Select and update the Job Title and Employement Status     # stepdefinitions.PimEmployeeLifeCycleStepDef.select_and_update_the_job_title_and_employement_status()
  Then Validate employee should be saved successfully            # stepdefinitions.PimEmployeeLifeCycleStepDef.validate_employee_should_be_saved_successfully()
  Then User moves to Employeelist page                           # stepdefinitions.PimEmployeeLifeCycleStepDef.user_moves_to_employeelist_page()
  Then User filter the employee using employeeid                 # stepdefinitions.PimEmployeeLifeCycleStepDef.user_filter_the_employee_using_employeeid()
  Then Validate updated data reflects to the BE for the user     # stepdefinitions.PimEmployeeLifeCycleStepDef.validate_updated_data_reflects_to_the_be_for_the_user()
  When User deletes the employee                                 # stepdefinitions.PimEmployeeLifeCycleStepDef.user_deletes_the_employee()
  Then Validate employee should be deleted successfully from UI  # stepdefinitions.PimEmployeeLifeCycleStepDef.validate_employee_deleted_from_ui()
Backend delete validation:
Data size : 0
Total     : 0
  Then Validate employee is deleted from Backend                 # stepdefinitions.PimEmployeeLifeCycleStepDef.validate_employee_deleted_from_backend()
  Then User logs out from application                            # stepdefinitions.PimEmployeeLifeCycleStepDef.user_logs_out_from_application()
  Then Validate user is redirected to login page                 # stepdefinitions.PimEmployeeLifeCycleStepDef.validate_user_redirected_to_login_page()
  Then Validate backend session is invalidated                   # stepdefinitions.PimEmployeeLifeCycleStepDef.validate_backend_session_invalidated()
⚠️ FFmpeg did not stop gracefully. Killing process...
🎬 Screen recording stopped
✅ Browser closed successfully
]]></system-out>
    <system-err><![CDATA[SLF4J: Failed to load class "org.slf4j.impl.StaticLoggerBinder".
SLF4J: Defaulting to no-operation (NOP) logger implementation
SLF4J: See http://www.slf4j.org/codes.html#StaticLoggerBinder for further details.
Dec 15, 2025 1:55:35 PM org.openqa.selenium.devtools.CdpVersionFinder findNearestMatch
WARNING: Unable to find CDP implementation matching 143
Dec 15, 2025 1:55:35 PM org.openqa.selenium.chromium.ChromiumDriver lambda$new$5
WARNING: Unable to find version of CDP to use for 143.0.7499.41. You may need to include a dependency on a specific version of the CDP using something similar to `org.seleniumhq.selenium:selenium-devtools-v86:4.20.0` where the version ("v86") matches the version of the chromium-based browser you're using and the version number of the artifact is the same as Selenium's.
]]></system-err>
  </testcase>
</testsuite>